Message[302] ..\16F1788_SETUP.INC 73 : Register in operand not in bank 0.  Ensure that bank bits are correct.
Message[302] ..\16F1788_SETUP.INC 75 : Register in operand not in bank 0.  Ensure that bank bits are correct.
Message[302] ..\16F1788_SETUP.INC 84 : Register in operand not in bank 0.  Ensure that bank bits are correct.
Message[302] ..\16F1788_SETUP.INC 85 : Register in operand not in bank 0.  Ensure that bank bits are correct.
Message[302] ..\16F1788_SETUP.INC 86 : Register in operand not in bank 0.  Ensure that bank bits are correct.
Message[302] ..\16F1788_SETUP.INC 87 : Register in operand not in bank 0.  Ensure that bank bits are correct.
Message[302] ..\16F1788_SETUP.INC 88 : Register in operand not in bank 0.  Ensure that bank bits are correct.
Message[302] ..\16F1788_SETUP.INC 89 : Register in operand not in bank 0.  Ensure that bank bits are correct.
Message[302] ..\16F1788_SETUP.INC 90 : Register in operand not in bank 0.  Ensure that bank bits are correct.
Message[302] ..\16F1788_SETUP.INC 91 : Register in operand not in bank 0.  Ensure that bank bits are correct.
Message[302] ..\16F1788_SETUP.INC 105 : Register in operand not in bank 0.  Ensure that bank bits are correct.
Message[302] ..\16F1788_SETUP.INC 107 : Register in operand not in bank 0.  Ensure that bank bits are correct.
Message[302] ..\16F1788_SETUP.INC 109 : Register in operand not in bank 0.  Ensure that bank bits are correct.
Message[302] ..\16F1788_SETUP.INC 111 : Register in operand not in bank 0.  Ensure that bank bits are correct.
Message[302] ..\16F1788_SETUP.INC 134 : Register in operand not in bank 0.  Ensure that bank bits are correct.
Message[302] ..\16F1788_SETUP.INC 135 : Register in operand not in bank 0.  Ensure that bank bits are correct.
Message[302] ..\16F1788_SETUP.INC 142 : Register in operand not in bank 0.  Ensure that bank bits are correct.
Message[302] ..\16F1788_SETUP.INC 145 : Register in operand not in bank 0.  Ensure that bank bits are correct.
Message[302] ..\16F1788_SETUP.INC 147 : Register in operand not in bank 0.  Ensure that bank bits are correct.
Message[302] ..\16F1788_SETUP.INC 149 : Register in operand not in bank 0.  Ensure that bank bits are correct.
Message[302] ..\16F1788_SETUP.INC 151 : Register in operand not in bank 0.  Ensure that bank bits are correct.
Message[302] ..\16F1788_SETUP.INC 154 : Register in operand not in bank 0.  Ensure that bank bits are correct.
Message[302] ..\16F1788_SETUP.INC 156 : Register in operand not in bank 0.  Ensure that bank bits are correct.
Message[302] ..\16F1788_SETUP.INC 163 : Register in operand not in bank 0.  Ensure that bank bits are correct.
Message[302] ..\16F1788_SETUP.INC 166 : Register in operand not in bank 0.  Ensure that bank bits are correct.
Message[302] ..\16F1788_SETUP.INC 168 : Register in operand not in bank 0.  Ensure that bank bits are correct.
Message[302] ..\16F1788_SETUP.INC 170 : Register in operand not in bank 0.  Ensure that bank bits are correct.
Message[302] ..\16F1788_SETUP.INC 172 : Register in operand not in bank 0.  Ensure that bank bits are correct.
Message[302] ..\16F1788_SETUP.INC 175 : Register in operand not in bank 0.  Ensure that bank bits are correct.
Message[302] ..\16F1788_SETUP.INC 178 : Register in operand not in bank 0.  Ensure that bank bits are correct.
Message[302] ..\16F1788_SETUP.INC 180 : Register in operand not in bank 0.  Ensure that bank bits are correct.
Message[302] ..\16F1788_SETUP.INC 187 : Register in operand not in bank 0.  Ensure that bank bits are correct.
Message[302] ..\16F1788_SETUP.INC 190 : Register in operand not in bank 0.  Ensure that bank bits are correct.
Message[302] ..\16F1788_SETUP.INC 192 : Register in operand not in bank 0.  Ensure that bank bits are correct.
Message[302] ..\16F1788_SETUP.INC 194 : Register in operand not in bank 0.  Ensure that bank bits are correct.
Message[302] ..\16F1788_SETUP.INC 196 : Register in operand not in bank 0.  Ensure that bank bits are correct.
Message[302] ..\16F1788_SETUP.INC 202 : Register in operand not in bank 0.  Ensure that bank bits are correct.
Message[302] ..\16F1788_SETUP.INC 205 : Register in operand not in bank 0.  Ensure that bank bits are correct.
Message[302] ..\16F1788_SETUP.INC 206 : Register in operand not in bank 0.  Ensure that bank bits are correct.
Message[302] ..\16F1788_SETUP.INC 208 : Register in operand not in bank 0.  Ensure that bank bits are correct.
Message[302] ..\16F1788_SETUP.INC 210 : Register in operand not in bank 0.  Ensure that bank bits are correct.
Message[302] ..\16F1788_SETUP.INC 213 : Register in operand not in bank 0.  Ensure that bank bits are correct.
Message[302] ..\16F1788_SETUP.INC 224 : Register in operand not in bank 0.  Ensure that bank bits are correct.
Warning[207] ..\SUBROUTINES.INC 28 : Found label after column 1. (SEND_ENABLE)
Message[302] ..\SUBROUTINES.INC 31 : Register in operand not in bank 0.  Ensure that bank bits are correct.
Message[302] ..\SUBROUTINES.INC 32 : Register in operand not in bank 0.  Ensure that bank bits are correct.
Message[302] ..\SUBROUTINES.INC 36 : Register in operand not in bank 0.  Ensure that bank bits are correct.
Message[302] ..\SUBROUTINES.INC 38 : Register in operand not in bank 0.  Ensure that bank bits are correct.
Message[302] ..\SUBROUTINES.INC 42 : Register in operand not in bank 0.  Ensure that bank bits are correct.
Message[302] ..\SUBROUTINES.INC 46 : Register in operand not in bank 0.  Ensure that bank bits are correct.
Message[302] ..\SUBROUTINES.INC 48 : Register in operand not in bank 0.  Ensure that bank bits are correct.
Message[302] ..\SUBROUTINES.INC 52 : Register in operand not in bank 0.  Ensure that bank bits are correct.
Message[302] ..\SUBROUTINES.INC 54 : Register in operand not in bank 0.  Ensure that bank bits are correct.
Message[302] ..\SUBROUTINES.INC 55 : Register in operand not in bank 0.  Ensure that bank bits are correct.
Warning[207] ..\SUBROUTINES.INC 62 : Found label after column 1. (READ_TARGET_STATUS)
Message[302] ..\SUBROUTINES.INC 65 : Register in operand not in bank 0.  Ensure that bank bits are correct.
Message[302] ..\SUBROUTINES.INC 66 : Register in operand not in bank 0.  Ensure that bank bits are correct.
Message[302] ..\SUBROUTINES.INC 70 : Register in operand not in bank 0.  Ensure that bank bits are correct.
Message[302] ..\SUBROUTINES.INC 72 : Register in operand not in bank 0.  Ensure that bank bits are correct.
Message[302] ..\SUBROUTINES.INC 76 : Register in operand not in bank 0.  Ensure that bank bits are correct.
Message[302] ..\SUBROUTINES.INC 78 : Register in operand not in bank 0.  Ensure that bank bits are correct.
Message[302] ..\SUBROUTINES.INC 80 : Register in operand not in bank 0.  Ensure that bank bits are correct.
Message[302] ..\SUBROUTINES.INC 83 : Register in operand not in bank 0.  Ensure that bank bits are correct.
Message[302] ..\SUBROUTINES.INC 86 : Register in operand not in bank 0.  Ensure that bank bits are correct.
Message[302] ..\SUBROUTINES.INC 87 : Register in operand not in bank 0.  Ensure that bank bits are correct.
Warning[207] ..\SUBROUTINES.INC 93 : Found label after column 1. (TEST_RECEIVED_BYTE)
Warning[207] ..\SUBROUTINES.INC 104 : Found label after column 1. (PLAYER1_SCORED)
Warning[207] ..\SUBROUTINES.INC 110 : Found label after column 1. (PLAYER2_SCORED)
Warning[207] ..\SUBROUTINES.INC 117 : Found label after column 1. (I2CIDLE)
Message[302] ..\SUBROUTINES.INC 120 : Register in operand not in bank 0.  Ensure that bank bits are correct.
Warning[207] ..\SUBROUTINES.INC 124 : Found label after column 1. (CHECKR_W)
Message[302] ..\SUBROUTINES.INC 126 : Register in operand not in bank 0.  Ensure that bank bits are correct.
Warning[207] ..\SUBROUTINES.INC 132 : Found label after column 1. (BAD1)
Message[302] ..\SUBROUTINES.INC 135 : Register in operand not in bank 0.  Ensure that bank bits are correct.
Warning[207] ..\SUBROUTINES.INC 136 : Found label after column 1. (LOOP5)
Message[302] ..\SUBROUTINES.INC 137 : Register in operand not in bank 0.  Ensure that bank bits are correct.
Warning[205] ..\PROJECT_MASTER.ASM 94 : Found directive in column 1. (END)
