Message[302] ..\16F1788_SETUP.INC 73 : Register in operand not in bank 0.  Ensure that bank bits are correct.
Message[302] ..\16F1788_SETUP.INC 75 : Register in operand not in bank 0.  Ensure that bank bits are correct.
Message[302] ..\16F1788_SETUP.INC 84 : Register in operand not in bank 0.  Ensure that bank bits are correct.
Message[302] ..\16F1788_SETUP.INC 85 : Register in operand not in bank 0.  Ensure that bank bits are correct.
Message[302] ..\16F1788_SETUP.INC 86 : Register in operand not in bank 0.  Ensure that bank bits are correct.
Message[302] ..\16F1788_SETUP.INC 87 : Register in operand not in bank 0.  Ensure that bank bits are correct.
Message[302] ..\16F1788_SETUP.INC 88 : Register in operand not in bank 0.  Ensure that bank bits are correct.
Message[302] ..\16F1788_SETUP.INC 89 : Register in operand not in bank 0.  Ensure that bank bits are correct.
Message[302] ..\16F1788_SETUP.INC 90 : Register in operand not in bank 0.  Ensure that bank bits are correct.
Message[302] ..\16F1788_SETUP.INC 91 : Register in operand not in bank 0.  Ensure that bank bits are correct.
Message[302] ..\16F1788_SETUP.INC 105 : Register in operand not in bank 0.  Ensure that bank bits are correct.
Message[302] ..\16F1788_SETUP.INC 107 : Register in operand not in bank 0.  Ensure that bank bits are correct.
Message[302] ..\16F1788_SETUP.INC 109 : Register in operand not in bank 0.  Ensure that bank bits are correct.
Message[302] ..\16F1788_SETUP.INC 111 : Register in operand not in bank 0.  Ensure that bank bits are correct.
Message[302] ..\16F1788_SETUP.INC 127 : Register in operand not in bank 0.  Ensure that bank bits are correct.
Message[302] ..\16F1788_SETUP.INC 128 : Register in operand not in bank 0.  Ensure that bank bits are correct.
Message[302] ..\16F1788_SETUP.INC 144 : Register in operand not in bank 0.  Ensure that bank bits are correct.
Message[302] ..\16F1788_SETUP.INC 147 : Register in operand not in bank 0.  Ensure that bank bits are correct.
Message[302] ..\16F1788_SETUP.INC 149 : Register in operand not in bank 0.  Ensure that bank bits are correct.
Message[302] ..\16F1788_SETUP.INC 151 : Register in operand not in bank 0.  Ensure that bank bits are correct.
Message[302] ..\16F1788_SETUP.INC 153 : Register in operand not in bank 0.  Ensure that bank bits are correct.
Message[302] ..\16F1788_SETUP.INC 156 : Register in operand not in bank 0.  Ensure that bank bits are correct.
Message[302] ..\16F1788_SETUP.INC 158 : Register in operand not in bank 0.  Ensure that bank bits are correct.
Message[302] ..\16F1788_SETUP.INC 165 : Register in operand not in bank 0.  Ensure that bank bits are correct.
Message[302] ..\16F1788_SETUP.INC 168 : Register in operand not in bank 0.  Ensure that bank bits are correct.
Message[302] ..\16F1788_SETUP.INC 170 : Register in operand not in bank 0.  Ensure that bank bits are correct.
Message[302] ..\16F1788_SETUP.INC 172 : Register in operand not in bank 0.  Ensure that bank bits are correct.
Message[302] ..\16F1788_SETUP.INC 174 : Register in operand not in bank 0.  Ensure that bank bits are correct.
Message[302] ..\16F1788_SETUP.INC 177 : Register in operand not in bank 0.  Ensure that bank bits are correct.
Message[302] ..\16F1788_SETUP.INC 180 : Register in operand not in bank 0.  Ensure that bank bits are correct.
Message[302] ..\16F1788_SETUP.INC 182 : Register in operand not in bank 0.  Ensure that bank bits are correct.
Message[302] ..\16F1788_SETUP.INC 189 : Register in operand not in bank 0.  Ensure that bank bits are correct.
Message[302] ..\16F1788_SETUP.INC 192 : Register in operand not in bank 0.  Ensure that bank bits are correct.
Message[302] ..\16F1788_SETUP.INC 194 : Register in operand not in bank 0.  Ensure that bank bits are correct.
Message[302] ..\16F1788_SETUP.INC 196 : Register in operand not in bank 0.  Ensure that bank bits are correct.
Message[302] ..\16F1788_SETUP.INC 198 : Register in operand not in bank 0.  Ensure that bank bits are correct.
Message[302] ..\16F1788_SETUP.INC 201 : Register in operand not in bank 0.  Ensure that bank bits are correct.
Message[302] ..\16F1788_SETUP.INC 204 : Register in operand not in bank 0.  Ensure that bank bits are correct.
Message[302] ..\16F1788_SETUP.INC 206 : Register in operand not in bank 0.  Ensure that bank bits are correct.
Message[302] ..\16F1788_SETUP.INC 212 : Register in operand not in bank 0.  Ensure that bank bits are correct.
Message[302] ..\16F1788_SETUP.INC 215 : Register in operand not in bank 0.  Ensure that bank bits are correct.
Message[302] ..\16F1788_SETUP.INC 216 : Register in operand not in bank 0.  Ensure that bank bits are correct.
Message[302] ..\16F1788_SETUP.INC 219 : Register in operand not in bank 0.  Ensure that bank bits are correct.
Message[302] ..\16F1788_SETUP.INC 221 : Register in operand not in bank 0.  Ensure that bank bits are correct.
Message[302] ..\16F1788_SETUP.INC 224 : Register in operand not in bank 0.  Ensure that bank bits are correct.
Message[302] ..\16F1788_SETUP.INC 234 : Register in operand not in bank 0.  Ensure that bank bits are correct.
Warning[207] ..\SUBROUTINES.INC 28 : Found label after column 1. (RECEIVE)
Message[302] ..\SUBROUTINES.INC 30 : Register in operand not in bank 0.  Ensure that bank bits are correct.
Message[302] ..\SUBROUTINES.INC 32 : Register in operand not in bank 0.  Ensure that bank bits are correct.
Warning[207] ..\SUBROUTINES.INC 36 : Found label after column 1. (CHECK_READ_OR_WRITE)
Message[302] ..\SUBROUTINES.INC 37 : Register in operand not in bank 0.  Ensure that bank bits are correct.
Warning[207] ..\SUBROUTINES.INC 41 : Found label after column 1. (SAVE_DATA)
Warning[207] ..\SUBROUTINES.INC 50 : Found label after column 1. (SET_ADDRESS_RECEIVED)
Warning[207] ..\SUBROUTINES.INC 54 : Found label after column 1. (TRANSMIT_STATUS)
Message[302] ..\SUBROUTINES.INC 56 : Register in operand not in bank 0.  Ensure that bank bits are correct.
Message[302] ..\SUBROUTINES.INC 62 : Register in operand not in bank 0.  Ensure that bank bits are correct.
Message[302] ..\SUBROUTINES.INC 64 : Register in operand not in bank 0.  Ensure that bank bits are correct.
Warning[207] ..\SUBROUTINES.INC 72 : Found label after column 1. (DEACTIVATE_TARGET)
Warning[207] ..\SUBROUTINES.INC 79 : Found label after column 1. (RECORD_PLAYER1_HIT)
Warning[207] ..\SUBROUTINES.INC 115 : Found label after column 1. (RECORD_PLAYER2_HIT)
Warning[207] ..\SUBROUTINES.INC 126 : Found label after column 1. (WAIT_FOR_TMR1)
Warning[205] ..\PROJECT_SLAVE_001.ASM 87 : Found directive in column 1. (END)
