Message[302] ..\16LF1788_SETUP.INC 73 : Register in operand not in bank 0.  Ensure that bank bits are correct.
Message[302] ..\16LF1788_SETUP.INC 75 : Register in operand not in bank 0.  Ensure that bank bits are correct.
Message[302] ..\16LF1788_SETUP.INC 84 : Register in operand not in bank 0.  Ensure that bank bits are correct.
Message[302] ..\16LF1788_SETUP.INC 85 : Register in operand not in bank 0.  Ensure that bank bits are correct.
Message[302] ..\16LF1788_SETUP.INC 86 : Register in operand not in bank 0.  Ensure that bank bits are correct.
Message[302] ..\16LF1788_SETUP.INC 87 : Register in operand not in bank 0.  Ensure that bank bits are correct.
Message[302] ..\16LF1788_SETUP.INC 88 : Register in operand not in bank 0.  Ensure that bank bits are correct.
Message[302] ..\16LF1788_SETUP.INC 89 : Register in operand not in bank 0.  Ensure that bank bits are correct.
Message[302] ..\16LF1788_SETUP.INC 90 : Register in operand not in bank 0.  Ensure that bank bits are correct.
Message[302] ..\16LF1788_SETUP.INC 91 : Register in operand not in bank 0.  Ensure that bank bits are correct.
Message[302] ..\16LF1788_SETUP.INC 105 : Register in operand not in bank 0.  Ensure that bank bits are correct.
Message[302] ..\16LF1788_SETUP.INC 107 : Register in operand not in bank 0.  Ensure that bank bits are correct.
Message[302] ..\16LF1788_SETUP.INC 109 : Register in operand not in bank 0.  Ensure that bank bits are correct.
Message[302] ..\16LF1788_SETUP.INC 111 : Register in operand not in bank 0.  Ensure that bank bits are correct.
Message[302] ..\16LF1788_SETUP.INC 127 : Register in operand not in bank 0.  Ensure that bank bits are correct.
Message[302] ..\16LF1788_SETUP.INC 130 : Register in operand not in bank 0.  Ensure that bank bits are correct.
Message[302] ..\16LF1788_SETUP.INC 134 : Register in operand not in bank 0.  Ensure that bank bits are correct.
Message[302] ..\16LF1788_SETUP.INC 155 : Register in operand not in bank 0.  Ensure that bank bits are correct.
Message[302] ..\16LF1788_SETUP.INC 156 : Register in operand not in bank 0.  Ensure that bank bits are correct.
Message[302] ..\16LF1788_SETUP.INC 164 : Register in operand not in bank 0.  Ensure that bank bits are correct.
Message[302] ..\16LF1788_SETUP.INC 167 : Register in operand not in bank 0.  Ensure that bank bits are correct.
Message[302] ..\16LF1788_SETUP.INC 169 : Register in operand not in bank 0.  Ensure that bank bits are correct.
Message[302] ..\16LF1788_SETUP.INC 171 : Register in operand not in bank 0.  Ensure that bank bits are correct.
Message[302] ..\16LF1788_SETUP.INC 173 : Register in operand not in bank 0.  Ensure that bank bits are correct.
Message[302] ..\16LF1788_SETUP.INC 180 : Register in operand not in bank 0.  Ensure that bank bits are correct.
Message[302] ..\16LF1788_SETUP.INC 183 : Register in operand not in bank 0.  Ensure that bank bits are correct.
Message[302] ..\16LF1788_SETUP.INC 185 : Register in operand not in bank 0.  Ensure that bank bits are correct.
Message[302] ..\16LF1788_SETUP.INC 187 : Register in operand not in bank 0.  Ensure that bank bits are correct.
Message[302] ..\16LF1788_SETUP.INC 189 : Register in operand not in bank 0.  Ensure that bank bits are correct.
Message[302] ..\16LF1788_SETUP.INC 192 : Register in operand not in bank 0.  Ensure that bank bits are correct.
Message[302] ..\16LF1788_SETUP.INC 195 : Register in operand not in bank 0.  Ensure that bank bits are correct.
Message[302] ..\16LF1788_SETUP.INC 197 : Register in operand not in bank 0.  Ensure that bank bits are correct.
Message[302] ..\16LF1788_SETUP.INC 205 : Register in operand not in bank 0.  Ensure that bank bits are correct.
Message[302] ..\16LF1788_SETUP.INC 208 : Register in operand not in bank 0.  Ensure that bank bits are correct.
Message[302] ..\16LF1788_SETUP.INC 210 : Register in operand not in bank 0.  Ensure that bank bits are correct.
Message[302] ..\16LF1788_SETUP.INC 212 : Register in operand not in bank 0.  Ensure that bank bits are correct.
Message[302] ..\16LF1788_SETUP.INC 214 : Register in operand not in bank 0.  Ensure that bank bits are correct.
Message[302] ..\16LF1788_SETUP.INC 224 : Register in operand not in bank 0.  Ensure that bank bits are correct.
Warning[207] ..\SUBROUTINES.INC 28 : Found label after column 1. (FIRE_CONTINUOUS)
Message[302] ..\SUBROUTINES.INC 34 : Register in operand not in bank 0.  Ensure that bank bits are correct.
Warning[207] ..\SUBROUTINES.INC 38 : Found label after column 1. (FIRE)
Message[302] ..\SUBROUTINES.INC 39 : Register in operand not in bank 0.  Ensure that bank bits are correct.
Warning[207] ..\SUBROUTINES.INC 43 : Found label after column 1. (_RESET)
Message[302] ..\SUBROUTINES.INC 44 : Register in operand not in bank 0.  Ensure that bank bits are correct.
Warning[207] ..\SUBROUTINES.INC 48 : Found label after column 1. (CONTINUOUS_CHECK_TIMER)
Warning[207] ..\SUBROUTINES.INC 50 : Found label after column 1. (POLL_TMR1_CONTINUOUS)
Warning[207] ..\SUBROUTINES.INC 55 : Found label after column 1. (STOP_FIRING)
Message[302] ..\SUBROUTINES.INC 57 : Register in operand not in bank 0.  Ensure that bank bits are correct.
Message[302] ..\SUBROUTINES.INC 58 : Register in operand not in bank 0.  Ensure that bank bits are correct.
Warning[207] ..\SUBROUTINES.INC 65 : Found label after column 1. (FIRE_SEMI)
Message[302] ..\SUBROUTINES.INC 67 : Register in operand not in bank 0.  Ensure that bank bits are correct.
Warning[207] ..\SUBROUTINES.INC 76 : Found label after column 1. (LOOP1)
Warning[207] ..\SUBROUTINES.INC 78 : Found label after column 1. (LOOP2)
Message[305] ..\SUBROUTINES.INC 79 : Using default destination of 1 (file).
Message[305] ..\SUBROUTINES.INC 81 : Using default destination of 1 (file).
Message[302] ..\SUBROUTINES.INC 84 : Register in operand not in bank 0.  Ensure that bank bits are correct.
Warning[207] ..\SUBROUTINES.INC 91 : Found label after column 1. (POLL_TMR1_SEMI)
Warning[207] ..\SUBROUTINES.INC 98 : Found label after column 1. (FIRE_BURST)
Message[302] ..\SUBROUTINES.INC 100 : Register in operand not in bank 0.  Ensure that bank bits are correct.
Warning[207] ..\SUBROUTINES.INC 108 : Found label after column 1. (LOOP_AUDIO_DELAY)
Message[305] ..\SUBROUTINES.INC 109 : Using default destination of 1 (file).
Message[302] ..\SUBROUTINES.INC 112 : Register in operand not in bank 0.  Ensure that bank bits are correct.
Warning[207] ..\SUBROUTINES.INC 118 : Found label after column 1. (POLL_TMR1_BURST1)
Message[302] ..\SUBROUTINES.INC 122 : Register in operand not in bank 0.  Ensure that bank bits are correct.
Warning[207] ..\SUBROUTINES.INC 126 : Found label after column 1. (POLL_TMR1_BURST2)
Message[302] ..\SUBROUTINES.INC 130 : Register in operand not in bank 0.  Ensure that bank bits are correct.
Warning[207] ..\SUBROUTINES.INC 134 : Found label after column 1. (POLL_TMR1_BURST3)
Message[302] ..\SUBROUTINES.INC 138 : Register in operand not in bank 0.  Ensure that bank bits are correct.
Warning[207] ..\SUBROUTINES.INC 142 : Found label after column 1. (POLL_TMR1_BURST4)
Message[302] ..\SUBROUTINES.INC 146 : Register in operand not in bank 0.  Ensure that bank bits are correct.
Warning[207] ..\SUBROUTINES.INC 150 : Found label after column 1. (POLL_TMR1_BURST5)
Warning[207] ..\SUBROUTINES.INC 157 : Found label after column 1. (SET_38KHZ)
Message[302] ..\SUBROUTINES.INC 160 : Register in operand not in bank 0.  Ensure that bank bits are correct.
Warning[207] ..\SUBROUTINES.INC 167 : Found label after column 1. (SET_56KHZ)
Message[302] ..\SUBROUTINES.INC 170 : Register in operand not in bank 0.  Ensure that bank bits are correct.
Warning[205] ..\PROJECT_GUN.ASM 110 : Found directive in column 1. (END)
